<?xml version="1.0" encoding="UTF-8"?>
<testsuite xmlns:xsi="http://www.w3.org/2001/XMLSchema-instance" xsi:noNamespaceSchemaLocation="https://maven.apache.org/surefire/maven-surefire-plugin/xsd/surefire-test-report.xsd" version="3.0.1" name="com.mycompany.app.AppTest" time="0.041" tests="1" errors="0" skipped="0" failures="0">
  <properties>
    <property name="awt.toolkit" value="sun.awt.X11.XToolkit"/>
    <property name="java.specification.version" value="11"/>
    <property name="sun.cpu.isalist" value=""/>
    <property name="sun.jnu.encoding" value="UTF-8"/>
    <property name="java.class.path" value="/home/alotoflemons/repos/ca-bot/my-app/target/test-classes:/home/alotoflemons/repos/ca-bot/my-app/target/classes:/home/alotoflemons/.m2/repository/org/junit/jupiter/junit-jupiter-api/5.11.0/junit-jupiter-api-5.11.0.jar:/home/alotoflemons/.m2/repository/org/opentest4j/opentest4j/1.3.0/opentest4j-1.3.0.jar:/home/alotoflemons/.m2/repository/org/junit/platform/junit-platform-commons/1.11.0/junit-platform-commons-1.11.0.jar:/home/alotoflemons/.m2/repository/org/apiguardian/apiguardian-api/1.1.2/apiguardian-api-1.1.2.jar:/home/alotoflemons/.m2/repository/org/junit/jupiter/junit-jupiter-params/5.11.0/junit-jupiter-params-5.11.0.jar:/home/alotoflemons/.m2/repository/net/dv8tion/JDA/5.6.1/JDA-5.6.1.jar:/home/alotoflemons/.m2/repository/org/slf4j/slf4j-api/2.0.17/slf4j-api-2.0.17.jar:/home/alotoflemons/.m2/repository/com/neovisionaries/nv-websocket-client/2.14/nv-websocket-client-2.14.jar:/home/alotoflemons/.m2/repository/com/squareup/okhttp3/okhttp/4.12.0/okhttp-4.12.0.jar:/home/alotoflemons/.m2/repository/com/squareup/okio/okio/3.6.0/okio-3.6.0.jar:/home/alotoflemons/.m2/repository/com/squareup/okio/okio-jvm/3.6.0/okio-jvm-3.6.0.jar:/home/alotoflemons/.m2/repository/org/jetbrains/kotlin/kotlin-stdlib-common/1.9.10/kotlin-stdlib-common-1.9.10.jar:/home/alotoflemons/.m2/repository/org/jetbrains/kotlin/kotlin-stdlib-jdk8/1.8.21/kotlin-stdlib-jdk8-1.8.21.jar:/home/alotoflemons/.m2/repository/org/jetbrains/kotlin/kotlin-stdlib/1.8.21/kotlin-stdlib-1.8.21.jar:/home/alotoflemons/.m2/repository/org/jetbrains/annotations/13.0/annotations-13.0.jar:/home/alotoflemons/.m2/repository/org/jetbrains/kotlin/kotlin-stdlib-jdk7/1.8.21/kotlin-stdlib-jdk7-1.8.21.jar:/home/alotoflemons/.m2/repository/club/minnced/opus-java/1.1.1/opus-java-1.1.1.jar:/home/alotoflemons/.m2/repository/club/minnced/opus-java-api/1.1.1/opus-java-api-1.1.1.jar:/home/alotoflemons/.m2/repository/net/java/dev/jna/jna/4.4.0/jna-4.4.0.jar:/home/alotoflemons/.m2/repository/club/minnced/opus-java-natives/1.1.1/opus-java-natives-1.1.1.jar:/home/alotoflemons/.m2/repository/org/apache/commons/commons-collections4/4.4/commons-collections4-4.4.jar:/home/alotoflemons/.m2/repository/net/sf/trove4j/core/3.1.0/core-3.1.0.jar:/home/alotoflemons/.m2/repository/com/fasterxml/jackson/core/jackson-core/2.18.3/jackson-core-2.18.3.jar:/home/alotoflemons/.m2/repository/com/fasterxml/jackson/core/jackson-databind/2.18.3/jackson-databind-2.18.3.jar:/home/alotoflemons/.m2/repository/com/fasterxml/jackson/core/jackson-annotations/2.18.3/jackson-annotations-2.18.3.jar:/home/alotoflemons/.m2/repository/com/google/crypto/tink/tink/1.17.0/tink-1.17.0.jar:/home/alotoflemons/.m2/repository/com/google/code/findbugs/jsr305/3.0.2/jsr305-3.0.2.jar:/home/alotoflemons/.m2/repository/com/google/code/gson/gson/2.10.1/gson-2.10.1.jar:/home/alotoflemons/.m2/repository/com/google/errorprone/error_prone_annotations/2.22.0/error_prone_annotations-2.22.0.jar:/home/alotoflemons/.m2/repository/com/google/protobuf/protobuf-java/4.28.2/protobuf-java-4.28.2.jar:/home/alotoflemons/.m2/repository/io/github/cdimascio/dotenv-java/3.0.0/dotenv-java-3.0.0.jar:"/>
    <property name="java.vm.vendor" value="Ubuntu"/>
    <property name="sun.arch.data.model" value="64"/>
    <property name="java.vendor.url" value="https://ubuntu.com/"/>
    <property name="user.timezone" value=""/>
    <property name="java.vm.specification.version" value="11"/>
    <property name="os.name" value="Linux"/>
    <property name="sun.java.launcher" value="SUN_STANDARD"/>
    <property name="sun.boot.library.path" value="/usr/lib/jvm/java-11-openjdk-amd64/lib"/>
    <property name="sun.java.command" value="/home/alotoflemons/repos/ca-bot/my-app/target/surefire/surefirebooter-20250709161259837_3.jar /home/alotoflemons/repos/ca-bot/my-app/target/surefire 2025-07-09T16-12-58_768-jvmRun1 surefire-20250709161259837_1tmp surefire_0-20250709161259837_2tmp"/>
    <property name="jdk.debug" value="release"/>
    <property name="surefire.test.class.path" value="/home/alotoflemons/repos/ca-bot/my-app/target/test-classes:/home/alotoflemons/repos/ca-bot/my-app/target/classes:/home/alotoflemons/.m2/repository/org/junit/jupiter/junit-jupiter-api/5.11.0/junit-jupiter-api-5.11.0.jar:/home/alotoflemons/.m2/repository/org/opentest4j/opentest4j/1.3.0/opentest4j-1.3.0.jar:/home/alotoflemons/.m2/repository/org/junit/platform/junit-platform-commons/1.11.0/junit-platform-commons-1.11.0.jar:/home/alotoflemons/.m2/repository/org/apiguardian/apiguardian-api/1.1.2/apiguardian-api-1.1.2.jar:/home/alotoflemons/.m2/repository/org/junit/jupiter/junit-jupiter-params/5.11.0/junit-jupiter-params-5.11.0.jar:/home/alotoflemons/.m2/repository/net/dv8tion/JDA/5.6.1/JDA-5.6.1.jar:/home/alotoflemons/.m2/repository/org/slf4j/slf4j-api/2.0.17/slf4j-api-2.0.17.jar:/home/alotoflemons/.m2/repository/com/neovisionaries/nv-websocket-client/2.14/nv-websocket-client-2.14.jar:/home/alotoflemons/.m2/repository/com/squareup/okhttp3/okhttp/4.12.0/okhttp-4.12.0.jar:/home/alotoflemons/.m2/repository/com/squareup/okio/okio/3.6.0/okio-3.6.0.jar:/home/alotoflemons/.m2/repository/com/squareup/okio/okio-jvm/3.6.0/okio-jvm-3.6.0.jar:/home/alotoflemons/.m2/repository/org/jetbrains/kotlin/kotlin-stdlib-common/1.9.10/kotlin-stdlib-common-1.9.10.jar:/home/alotoflemons/.m2/repository/org/jetbrains/kotlin/kotlin-stdlib-jdk8/1.8.21/kotlin-stdlib-jdk8-1.8.21.jar:/home/alotoflemons/.m2/repository/org/jetbrains/kotlin/kotlin-stdlib/1.8.21/kotlin-stdlib-1.8.21.jar:/home/alotoflemons/.m2/repository/org/jetbrains/annotations/13.0/annotations-13.0.jar:/home/alotoflemons/.m2/repository/org/jetbrains/kotlin/kotlin-stdlib-jdk7/1.8.21/kotlin-stdlib-jdk7-1.8.21.jar:/home/alotoflemons/.m2/repository/club/minnced/opus-java/1.1.1/opus-java-1.1.1.jar:/home/alotoflemons/.m2/repository/club/minnced/opus-java-api/1.1.1/opus-java-api-1.1.1.jar:/home/alotoflemons/.m2/repository/net/java/dev/jna/jna/4.4.0/jna-4.4.0.jar:/home/alotoflemons/.m2/repository/club/minnced/opus-java-natives/1.1.1/opus-java-natives-1.1.1.jar:/home/alotoflemons/.m2/repository/org/apache/commons/commons-collections4/4.4/commons-collections4-4.4.jar:/home/alotoflemons/.m2/repository/net/sf/trove4j/core/3.1.0/core-3.1.0.jar:/home/alotoflemons/.m2/repository/com/fasterxml/jackson/core/jackson-core/2.18.3/jackson-core-2.18.3.jar:/home/alotoflemons/.m2/repository/com/fasterxml/jackson/core/jackson-databind/2.18.3/jackson-databind-2.18.3.jar:/home/alotoflemons/.m2/repository/com/fasterxml/jackson/core/jackson-annotations/2.18.3/jackson-annotations-2.18.3.jar:/home/alotoflemons/.m2/repository/com/google/crypto/tink/tink/1.17.0/tink-1.17.0.jar:/home/alotoflemons/.m2/repository/com/google/code/findbugs/jsr305/3.0.2/jsr305-3.0.2.jar:/home/alotoflemons/.m2/repository/com/google/code/gson/gson/2.10.1/gson-2.10.1.jar:/home/alotoflemons/.m2/repository/com/google/errorprone/error_prone_annotations/2.22.0/error_prone_annotations-2.22.0.jar:/home/alotoflemons/.m2/repository/com/google/protobuf/protobuf-java/4.28.2/protobuf-java-4.28.2.jar:/home/alotoflemons/.m2/repository/io/github/cdimascio/dotenv-java/3.0.0/dotenv-java-3.0.0.jar:"/>
    <property name="sun.cpu.endian" value="little"/>
    <property name="user.home" value="/home/alotoflemons"/>
    <property name="user.language" value="en"/>
    <property name="java.specification.vendor" value="Oracle Corporation"/>
    <property name="java.version.date" value="2025-04-15"/>
    <property name="java.home" value="/usr/lib/jvm/java-11-openjdk-amd64"/>
    <property name="file.separator" value="/"/>
    <property name="basedir" value="/home/alotoflemons/repos/ca-bot/my-app"/>
    <property name="java.vm.compressedOopsMode" value="32-bit"/>
    <property name="line.separator" value="&#10;"/>
    <property name="java.specification.name" value="Java Platform API Specification"/>
    <property name="java.vm.specification.vendor" value="Oracle Corporation"/>
    <property name="java.awt.graphicsenv" value="sun.awt.X11GraphicsEnvironment"/>
    <property name="surefire.real.class.path" value="/home/alotoflemons/repos/ca-bot/my-app/target/surefire/surefirebooter-20250709161259837_3.jar"/>
    <property name="sun.management.compiler" value="HotSpot 64-Bit Tiered Compilers"/>
    <property name="java.runtime.version" value="11.0.27+6-post-Ubuntu-0ubuntu122.04"/>
    <property name="user.name" value="alotoflemons"/>
    <property name="path.separator" value=":"/>
    <property name="os.version" value="6.6.87.2-microsoft-standard-WSL2"/>
    <property name="java.runtime.name" value="OpenJDK Runtime Environment"/>
    <property name="file.encoding" value="UTF-8"/>
    <property name="java.vm.name" value="OpenJDK 64-Bit Server VM"/>
    <property name="localRepository" value="/home/alotoflemons/.m2/repository"/>
    <property name="java.vendor.url.bug" value="https://bugs.launchpad.net/ubuntu/+source/openjdk-lts"/>
    <property name="java.io.tmpdir" value="/tmp"/>
    <property name="java.version" value="11.0.27"/>
    <property name="user.dir" value="/home/alotoflemons/repos/ca-bot/my-app"/>
    <property name="os.arch" value="amd64"/>
    <property name="java.vm.specification.name" value="Java Virtual Machine Specification"/>
    <property name="java.awt.printerjob" value="sun.print.PSPrinterJob"/>
    <property name="sun.os.patch.level" value="unknown"/>
    <property name="java.library.path" value="/opt/OpenFOAM/OpenFOAM-v2012/ThirdParty/platforms/linux64Gcc63/fftw-3.3.7/lib64:/opt/OpenFOAM/OpenFOAM-v2012/ThirdParty/platforms/linux64/mpfr-3.1.5/lib64:/opt/OpenFOAM/OpenFOAM-v2012/ThirdParty/platforms/linux64/gmp-6.1.2/lib64:/opt/OpenFOAM/OpenFOAM-v2012/ThirdParty/platforms/linux64Gcc63/CGAL-4.12.2/lib64:/opt/OpenFOAM/OpenFOAM-v2012/ThirdParty/platforms/linux64Gcc63/boost_1_66_0/lib64:/opt/OpenFOAM/OpenFOAM-v2012/ThirdParty/platforms/linux64Gcc63/ParaView-5.6.3-mesa-mpi-py/lib:/opt/OpenFOAM/OpenFOAM-v2012/platforms/linux64Gcc63DPInt32Opt/lib/openmpi-4.0.3:/opt/OpenFOAM/OpenFOAM-v2012/ThirdParty/platforms/linux64Gcc63DPInt32/lib/openmpi-4.0.3:/opt/OpenFOAM/OpenFOAM-v2012/ThirdParty/platforms/linux64Gcc63/openmpi-4.0.3/lib64:/opt/OpenFOAM/OpenFOAM-v2012/ThirdParty/platforms/linux64/mpc-1.0.3/lib64:/opt/OpenFOAM/OpenFOAM-v2012/ThirdParty/platforms/linux64/gcc-6.3.0/lib64:/home/alotoflemons/OpenFOAM/alotoflemons-v2012/platforms/linux64Gcc63DPInt32Opt/lib:/opt/OpenFOAM/OpenFOAM-v2012/site/2012/platforms/linux64Gcc63DPInt32Opt/lib:/opt/OpenFOAM/OpenFOAM-v2012/platforms/linux64Gcc63DPInt32Opt/lib:/opt/OpenFOAM/OpenFOAM-v2012/ThirdParty/platforms/linux64Gcc63DPInt32/lib:/opt/OpenFOAM/OpenFOAM-v2012/platforms/linux64Gcc63DPInt32Opt/lib/dummy:/usr/java/packages/lib:/usr/lib/x86_64-linux-gnu/jni:/lib/x86_64-linux-gnu:/usr/lib/x86_64-linux-gnu:/usr/lib/jni:/lib:/usr/lib"/>
    <property name="java.vm.info" value="mixed mode, sharing"/>
    <property name="java.vendor" value="Ubuntu"/>
    <property name="java.vm.version" value="11.0.27+6-post-Ubuntu-0ubuntu122.04"/>
    <property name="java.specification.maintenance.version" value="3"/>
    <property name="sun.io.unicode.encoding" value="UnicodeLittle"/>
    <property name="java.class.version" value="55.0"/>
  </properties>
  <testcase name="shouldAnswerWithTrue" classname="com.mycompany.app.AppTest" time="0.016"/>
</testsuite>